TN:
SF:/Users/emiliano/sites/base-ec/resources/assets/js/vue/models/campaign.js
FN:1,Campaign
FNF:1
FNH:0
FNDA:0,Campaign
DA:2,0
DA:4,0
DA:5,0
DA:6,0
DA:7,0
DA:8,0
DA:9,0
DA:11,0
DA:14,1
LF:9
LH:1
BRDA:2,0,0,0
BRDA:2,0,1,0
BRDA:4,1,0,0
BRDA:4,1,1,0
BRDA:5,2,0,0
BRDA:5,2,1,0
BRDA:6,3,0,0
BRDA:6,3,1,0
BRDA:8,4,0,0
BRDA:8,4,1,0
BRF:10
BRH:0
end_of_record
TN:
SF:/Users/emiliano/sites/base-ec/resources/assets/js/vue/models/library.js
FN:3,Library
FN:34,(anonymous_2)
FNF:2
FNH:0
FNDA:0,Library
FNDA:0,(anonymous_2)
DA:1,1
DA:3,0
DA:5,0
DA:6,0
DA:7,0
DA:8,0
DA:9,0
DA:11,0
DA:13,0
DA:32,0
DA:34,0
DA:35,0
DA:41,0
DA:43,0
DA:46,1
LF:15
LH:2
BRDA:3,0,0,0
BRDA:3,0,1,0
BRDA:3,1,0,0
BRDA:3,1,1,0
BRDA:5,2,0,0
BRDA:5,2,1,0
BRDA:6,3,0,0
BRDA:6,3,1,0
BRDA:7,4,0,0
BRDA:7,4,1,0
BRDA:8,5,0,0
BRDA:8,5,1,0
BRDA:9,6,0,0
BRDA:9,6,1,0
BRDA:11,7,0,0
BRDA:11,7,1,0
BRDA:14,8,0,0
BRDA:14,8,1,0
BRDA:15,9,0,0
BRDA:15,9,1,0
BRDA:16,10,0,0
BRDA:16,10,1,0
BRDA:17,11,0,0
BRDA:17,11,1,0
BRDA:18,12,0,0
BRDA:18,12,1,0
BRDA:19,13,0,0
BRDA:19,13,1,0
BRDA:20,14,0,0
BRDA:20,14,1,0
BRDA:21,15,0,0
BRDA:21,15,1,0
BRDA:22,16,0,0
BRDA:22,16,1,0
BRDA:23,17,0,0
BRDA:23,17,1,0
BRDA:24,18,0,0
BRDA:24,18,1,0
BRDA:25,19,0,0
BRDA:25,19,1,0
BRDA:26,20,0,0
BRDA:26,20,1,0
BRDA:27,21,0,0
BRDA:27,21,1,0
BRDA:28,22,0,0
BRDA:28,22,1,0
BRDA:29,23,0,0
BRDA:29,23,1,0
BRF:48
BRH:0
end_of_record
TN:
SF:/Users/emiliano/sites/base-ec/resources/assets/js/vue/models/module.js
FN:3,Module
FNF:1
FNH:0
FNDA:0,Module
DA:1,1
DA:3,0
DA:5,0
DA:6,0
DA:7,0
DA:8,0
DA:11,0
DA:23,0
DA:26,1
LF:9
LH:2
BRDA:3,0,0,0
BRDA:3,0,1,0
BRDA:3,1,0,0
BRDA:3,1,1,0
BRDA:5,2,0,0
BRDA:5,2,1,0
BRDA:5,2,2,0
BRDA:6,3,0,0
BRDA:6,3,1,0
BRDA:6,3,2,0
BRDA:7,4,0,0
BRDA:7,4,1,0
BRDA:8,5,0,0
BRDA:8,5,1,0
BRDA:13,6,0,0
BRDA:13,6,1,0
BRDA:14,7,0,0
BRDA:14,7,1,0
BRDA:15,8,0,0
BRDA:15,8,1,0
BRDA:16,9,0,0
BRDA:16,9,1,0
BRDA:17,10,0,0
BRDA:17,10,1,0
BRDA:18,11,0,0
BRDA:18,11,1,0
BRDA:20,12,0,0
BRDA:20,12,1,0
BRDA:20,13,0,0
BRDA:20,13,1,0
BRF:30
BRH:0
end_of_record
TN:
SF:/Users/emiliano/sites/base-ec/resources/assets/js/vue/resources/endpoints/index.js
FNF:0
FNH:0
DA:1,1
DA:3,1
DA:5,1
LF:3
LH:3
BRDA:3,0,0,1
BRDA:3,0,1,0
BRF:2
BRH:1
end_of_record
TN:
SF:/Users/emiliano/sites/base-ec/resources/assets/js/vue/resources/fixtures/index.js
FNF:0
FNH:0
DA:1,1
LF:1
LH:1
BRF:0
BRH:0
end_of_record
TN:
SF:/Users/emiliano/sites/base-ec/resources/assets/js/vue/resources/fixtures/campaign/cloneCampaign.js
FNF:0
FNH:0
DA:1,1
LF:1
LH:1
BRF:0
BRH:0
end_of_record
TN:
SF:/Users/emiliano/sites/base-ec/resources/assets/js/vue/resources/fixtures/campaign/getCampaign.js
FNF:0
FNH:0
DA:1,1
LF:1
LH:1
BRF:0
BRH:0
end_of_record
TN:
SF:/Users/emiliano/sites/base-ec/resources/assets/js/vue/resources/fixtures/campaign/index.js
FNF:0
FNH:0
DA:1,1
LF:1
LH:1
BRF:0
BRH:0
end_of_record
TN:
SF:/Users/emiliano/sites/base-ec/resources/assets/js/vue/resources/fixtures/campaign/saveCampaign.js
FNF:0
FNH:0
DA:1,1
LF:1
LH:1
BRF:0
BRH:0
end_of_record
TN:
SF:/Users/emiliano/sites/base-ec/resources/assets/js/vue/resources/fixtures/library/createLibrary.js
FNF:0
FNH:0
DA:1,1
LF:1
LH:1
BRF:0
BRH:0
end_of_record
TN:
SF:/Users/emiliano/sites/base-ec/resources/assets/js/vue/resources/fixtures/library/deleteLibrary.js
FNF:0
FNH:0
DA:1,1
LF:1
LH:1
BRF:0
BRH:0
end_of_record
TN:
SF:/Users/emiliano/sites/base-ec/resources/assets/js/vue/resources/fixtures/library/fetchLibrary.js
FNF:0
FNH:0
DA:1,1
LF:1
LH:1
BRF:0
BRH:0
end_of_record
TN:
SF:/Users/emiliano/sites/base-ec/resources/assets/js/vue/resources/fixtures/library/getLibrary.js
FNF:0
FNH:0
DA:1,1
LF:1
LH:1
BRF:0
BRH:0
end_of_record
TN:
SF:/Users/emiliano/sites/base-ec/resources/assets/js/vue/resources/fixtures/library/index.js
FNF:0
FNH:0
DA:1,1
LF:1
LH:1
BRF:0
BRH:0
end_of_record
TN:
SF:/Users/emiliano/sites/base-ec/resources/assets/js/vue/resources/fixtures/library/newLibrary.js
FNF:0
FNH:0
DA:1,1
LF:1
LH:1
BRF:0
BRH:0
end_of_record
TN:
SF:/Users/emiliano/sites/base-ec/resources/assets/js/vue/resources/fixtures/library/saveLibrary.js
FNF:0
FNH:0
DA:1,1
LF:1
LH:1
BRF:0
BRH:0
end_of_record
TN:
SF:/Users/emiliano/sites/base-ec/resources/assets/js/vue/resources/fixtures/module/createModule.js
FNF:0
FNH:0
DA:1,1
LF:1
LH:1
BRF:0
BRH:0
end_of_record
TN:
SF:/Users/emiliano/sites/base-ec/resources/assets/js/vue/resources/fixtures/module/deleteModule.js
FNF:0
FNH:0
DA:1,1
LF:1
LH:1
BRF:0
BRH:0
end_of_record
TN:
SF:/Users/emiliano/sites/base-ec/resources/assets/js/vue/resources/fixtures/module/getAllModule.js
FNF:0
FNH:0
DA:1,1
LF:1
LH:1
BRF:0
BRH:0
end_of_record
TN:
SF:/Users/emiliano/sites/base-ec/resources/assets/js/vue/resources/fixtures/module/getModule.js
FNF:0
FNH:0
DA:1,1
LF:1
LH:1
BRF:0
BRH:0
end_of_record
TN:
SF:/Users/emiliano/sites/base-ec/resources/assets/js/vue/resources/fixtures/module/index.js
FNF:0
FNH:0
DA:1,1
LF:1
LH:1
BRF:0
BRH:0
end_of_record
TN:
SF:/Users/emiliano/sites/base-ec/resources/assets/js/vue/resources/fixtures/module/saveModule.js
FNF:0
FNH:0
DA:1,1
LF:1
LH:1
BRF:0
BRH:0
end_of_record
TN:
SF:/Users/emiliano/sites/base-ec/resources/assets/js/vue/services/campaign.js
FN:7,getCampaign
FN:16,(anonymous_2)
FN:18,(anonymous_3)
FN:7,saveCampaign
FN:35,(anonymous_5)
FN:37,(anonymous_6)
FN:7,cloneCampaign
FN:54,(anonymous_8)
FN:56,(anonymous_9)
FN:7,getEditedData
FNF:10
FNH:0
FNDA:0,getCampaign
FNDA:0,(anonymous_2)
FNDA:0,(anonymous_3)
FNDA:0,saveCampaign
FNDA:0,(anonymous_5)
FNDA:0,(anonymous_6)
FNDA:0,cloneCampaign
FNDA:0,(anonymous_8)
FNDA:0,(anonymous_9)
FNDA:0,getEditedData
DA:1,1
DA:2,1
DA:3,1
DA:4,1
DA:5,1
DA:9,0
DA:10,0
DA:11,0
DA:16,0
DA:17,0
DA:19,0
DA:22,0
DA:26,0
DA:27,0
DA:28,0
DA:30,0
DA:35,0
DA:36,0
DA:38,0
DA:41,0
DA:45,0
DA:46,0
DA:47,0
DA:54,0
DA:55,0
DA:57,0
DA:61,0
DA:62,0
DA:63,0
DA:66,0
DA:67,0
DA:69,0
DA:70,0
DA:71,0
DA:75,0
DA:81,0
LF:36
LH:5
BRDA:61,0,0,0
BRDA:61,0,1,0
BRF:2
BRH:0
end_of_record
TN:
SF:/Users/emiliano/sites/base-ec/resources/assets/js/vue/services/library.js
FN:7,getLibrary
FN:17,(anonymous_2)
FN:22,(anonymous_3)
FN:7,newLibrary
FN:37,(anonymous_5)
FN:39,(anonymous_6)
FN:47,(anonymous_7)
FN:7,saveLibrary
FN:63,(anonymous_9)
FN:65,(anonymous_10)
FN:7,createLibrary
FN:81,(anonymous_12)
FN:83,(anonymous_13)
FN:7,deleteLibrary
FN:101,(anonymous_15)
FN:103,(anonymous_16)
FN:7,fetchLibraries
FN:119,(anonymous_18)
FN:121,(anonymous_19)
FNF:19
FNH:2
FNDA:0,getLibrary
FNDA:0,(anonymous_2)
FNDA:0,(anonymous_3)
FNDA:0,newLibrary
FNDA:0,(anonymous_5)
FNDA:0,(anonymous_6)
FNDA:0,(anonymous_7)
FNDA:0,saveLibrary
FNDA:0,(anonymous_9)
FNDA:0,(anonymous_10)
FNDA:0,createLibrary
FNDA:0,(anonymous_12)
FNDA:0,(anonymous_13)
FNDA:0,deleteLibrary
FNDA:0,(anonymous_15)
FNDA:0,(anonymous_16)
FNDA:1,fetchLibraries
FNDA:1,(anonymous_18)
FNDA:0,(anonymous_19)
DA:1,1
DA:2,1
DA:3,1
DA:4,1
DA:5,1
DA:9,0
DA:10,0
DA:11,0
DA:17,0
DA:18,0
DA:23,0
DA:26,0
DA:30,0
DA:31,0
DA:32,0
DA:37,0
DA:38,0
DA:39,0
DA:40,0
DA:43,0
DA:48,0
DA:51,0
DA:55,0
DA:56,0
DA:57,0
DA:63,0
DA:64,0
DA:66,0
DA:69,0
DA:73,0
DA:74,0
DA:75,0
DA:81,0
DA:82,0
DA:84,0
DA:87,0
DA:91,0
DA:92,0
DA:93,0
DA:101,0
DA:102,0
DA:104,0
DA:107,0
DA:111,1
DA:112,1
DA:113,1
DA:119,1
DA:120,1
DA:122,0
DA:125,1
LF:50
LH:11
BRF:0
BRH:0
end_of_record
TN:
SF:/Users/emiliano/sites/base-ec/resources/assets/js/vue/services/module.js
FN:7,getModule
FN:16,(anonymous_2)
FN:21,(anonymous_3)
FN:7,getAllModules
FN:35,(anonymous_5)
FN:37,(anonymous_6)
FN:43,(anonymous_7)
FN:7,newModule
FN:7,saveModule
FN:65,(anonymous_10)
FN:67,(anonymous_11)
FN:7,createModule
FN:80,(anonymous_13)
FN:82,(anonymous_14)
FN:7,deleteModule
FN:97,(anonymous_16)
FN:99,(anonymous_17)
FNF:17
FNH:0
FNDA:0,getModule
FNDA:0,(anonymous_2)
FNDA:0,(anonymous_3)
FNDA:0,getAllModules
FNDA:0,(anonymous_5)
FNDA:0,(anonymous_6)
FNDA:0,(anonymous_7)
FNDA:0,newModule
FNDA:0,saveModule
FNDA:0,(anonymous_10)
FNDA:0,(anonymous_11)
FNDA:0,createModule
FNDA:0,(anonymous_13)
FNDA:0,(anonymous_14)
FNDA:0,deleteModule
FNDA:0,(anonymous_16)
FNDA:0,(anonymous_17)
DA:1,1
DA:2,1
DA:3,1
DA:4,1
DA:5,1
DA:9,0
DA:10,0
DA:11,0
DA:16,0
DA:17,0
DA:22,0
DA:25,0
DA:29,0
DA:30,0
DA:31,0
DA:35,0
DA:36,0
DA:37,0
DA:38,0
DA:39,0
DA:42,0
DA:44,0
DA:47,0
DA:51,0
DA:52,0
DA:53,0
DA:54,0
DA:58,0
DA:59,0
DA:60,0
DA:65,0
DA:66,0
DA:68,0
DA:73,0
DA:74,0
DA:75,0
DA:80,0
DA:81,0
DA:83,0
DA:88,0
DA:89,0
DA:90,0
DA:97,0
DA:98,0
DA:100,0
LF:45
LH:5
BRF:0
BRH:0
end_of_record
TN:
SF:/Users/emiliano/sites/base-ec/resources/assets/js/vue/store/campaignStore.js
FN:11,getModules
FN:17,loadCampaignData
FN:17,addModule
FN:17,updateElement
FN:17,saveSettings
FN:17,error
FN:46,getCampaignData
FN:50,(anonymous_8)
FN:51,(anonymous_9)
FN:46,saveCampaign
FN:55,(anonymous_11)
FN:56,(anonymous_12)
FNF:12
FNH:0
FNDA:0,getModules
FNDA:0,loadCampaignData
FNDA:0,addModule
FNDA:0,updateElement
FNDA:0,saveSettings
FNDA:0,error
FNDA:0,getCampaignData
FNDA:0,(anonymous_8)
FNDA:0,(anonymous_9)
FNDA:0,saveCampaign
FNDA:0,(anonymous_11)
FNDA:0,(anonymous_12)
DA:1,1
DA:2,1
DA:4,1
DA:11,1
DA:13,0
DA:17,1
DA:19,0
DA:20,0
DA:23,0
DA:26,0
DA:32,0
DA:33,0
DA:35,0
DA:39,0
DA:42,0
DA:46,1
DA:49,0
DA:50,0
DA:51,0
DA:54,0
DA:55,0
DA:56,0
DA:60,1
LF:23
LH:7
BRDA:32,0,0,0
BRDA:32,0,1,0
BRF:2
BRH:0
end_of_record
TN:
SF:/Users/emiliano/sites/base-ec/resources/assets/js/vue/store/index.js
FNF:0
FNH:0
DA:1,1
DA:2,1
DA:3,1
DA:6,1
DA:7,1
DA:8,1
DA:10,1
LF:7
LH:7
BRF:0
BRH:0
end_of_record
TN:
SF:/Users/emiliano/sites/base-ec/resources/assets/js/vue/store/libraryStore.js
FNF:0
FNH:0
DA:1,1
DA:3,1
DA:5,1
DA:7,1
DA:9,1
LF:5
LH:5
BRF:0
BRH:0
end_of_record
TN:
SF:/Users/emiliano/sites/base-ec/resources/assets/js/vue/store/moduleStore.js
FN:8,module
FN:8,currentComponent
FN:17,loadModuleData
FN:17,setCurrentComponent
FN:17,error
FN:29,getModuleData
FN:34,(anonymous_7)
FN:35,(anonymous_8)
FN:38,(anonymous_9)
FN:39,(anonymous_10)
FN:29,setCurrentComponent
FNF:11
FNH:0
FNDA:0,module
FNDA:0,currentComponent
FNDA:0,loadModuleData
FNDA:0,setCurrentComponent
FNDA:0,error
FNDA:0,getModuleData
FNDA:0,(anonymous_7)
FNDA:0,(anonymous_8)
FNDA:0,(anonymous_9)
FNDA:0,(anonymous_10)
FNDA:0,setCurrentComponent
DA:1,1
DA:3,1
DA:8,1
DA:10,0
DA:13,0
DA:17,1
DA:19,0
DA:22,0
DA:25,0
DA:29,1
DA:32,0
DA:33,0
DA:34,0
DA:35,0
DA:37,0
DA:38,0
DA:39,0
DA:45,0
DA:49,1
LF:19
LH:6
BRDA:32,0,0,0
BRDA:32,0,1,0
BRF:2
BRH:0
end_of_record
TN:
SF:/Users/emiliano/sites/base-ec/resources/assets/js/vue/utils/request.js
FN:9,requestResponse
FN:31,(anonymous_2)
FN:43,(anonymous_3)
FN:50,(anonymous_4)
FN:54,(anonymous_5)
FN:58,(anonymous_6)
FN:62,(anonymous_7)
FN:66,(anonymous_8)
FN:70,(anonymous_9)
FNF:9
FNH:2
FNDA:1,requestResponse
FNDA:0,(anonymous_2)
FNDA:0,(anonymous_3)
FNDA:0,(anonymous_4)
FNDA:1,(anonymous_5)
FNDA:0,(anonymous_6)
FNDA:0,(anonymous_7)
FNDA:0,(anonymous_8)
FNDA:0,(anonymous_9)
DA:1,1
DA:2,1
DA:3,1
DA:4,1
DA:5,1
DA:7,1
DA:10,1
DA:14,1
DA:15,1
DA:16,1
DA:19,1
DA:20,1
DA:23,0
DA:25,0
DA:26,0
DA:27,0
DA:28,0
DA:30,0
DA:32,0
DA:34,0
DA:35,0
DA:37,0
DA:38,0
DA:40,0
DA:44,0
DA:47,0
DA:50,1
DA:51,0
DA:54,1
DA:55,1
DA:58,1
DA:59,0
DA:62,1
DA:63,0
DA:66,1
DA:67,0
DA:70,1
DA:71,0
DA:72,0
DA:75,0
DA:76,0
DA:77,0
DA:78,0
DA:80,0
DA:83,0
LF:45
LH:19
BRDA:14,0,0,1
BRDA:14,0,1,0
BRDA:23,1,0,0
BRDA:23,1,1,0
BRDA:26,2,0,0
BRDA:26,2,1,0
BRDA:27,3,0,0
BRDA:27,3,1,0
BRDA:28,4,0,0
BRDA:28,4,1,0
BRDA:32,5,0,0
BRDA:32,5,1,0
BRDA:32,6,0,0
BRDA:32,6,1,0
BRDA:34,7,0,0
BRDA:34,7,1,0
BRDA:37,8,0,0
BRDA:37,8,1,0
BRDA:71,9,0,0
BRDA:71,9,1,0
BRDA:76,10,0,0
BRDA:76,10,1,0
BRDA:76,11,0,0
BRDA:76,11,1,0
BRF:24
BRH:1
end_of_record
